0 info it worked if it ends with ok
1 verbose cli [ '/Users/sasakim/.nodebrew/node/v5.7.1/bin/node',
1 verbose cli   '/Users/sasakim/.nodebrew/current/bin/npm',
1 verbose cli   'run',
1 verbose cli   'dev' ]
2 info using npm@3.6.0
3 info using node@v5.7.1
4 verbose run-script [ 'predev', 'dev', 'postdev' ]
5 info lifecycle resumeter@1.0.0~predev: resumeter@1.0.0
6 silly lifecycle resumeter@1.0.0~predev: no script for predev, continuing
7 info lifecycle resumeter@1.0.0~dev: resumeter@1.0.0
8 verbose lifecycle resumeter@1.0.0~dev: unsafe-perm in lifecycle true
9 verbose lifecycle resumeter@1.0.0~dev: PATH: /Users/sasakim/.nodebrew/node/v5.7.1/lib/node_modules/npm/bin/node-gyp-bin:/Users/sasakim/workspace/osa/node_modules/.bin:/Users/sasakim/.plenv/shims:/Users/sasakim/.nodebrew/current/bin:/Users/sasakim/.nodebrew/current/bin:/Users/sasakim/go/bin:/usr/local/bin:/usr/local/sbin:/Users/sasakim/.scalaenv/shims:/Users/sasakim/.scalaenv/bin:/Users/sasakim/perl5/bin:/Users/sasakim/.sdkman/candidates/groovy/current/bin:/Users/sasakim/.plenv/shims:/Users/sasakim/.nodebrew/current/bin:/Users/sasakim/go/bin:/usr/bin:/bin:/usr/sbin:/sbin:/usr/local/Cellar/tsung/1.6.0/lib/tsung/bin:/usr/local/share/spark/bin:/usr/local/Cellar/hbase/1.2.2/bin:/usr/local/Cellar/tsung/1.6.0/lib/tsung/bin:/usr/local/share/spark/bin:/usr/local/Cellar/hbase/1.2.2/bin
10 verbose lifecycle resumeter@1.0.0~dev: CWD: /Users/sasakim/workspace/osa
11 silly lifecycle resumeter@1.0.0~dev: Args: [ '-c',
11 silly lifecycle   'cross-env NODE_ENV=development node build/dev-server.js' ]
12 silly lifecycle resumeter@1.0.0~dev: Returned: code: 1  signal: null
13 info lifecycle resumeter@1.0.0~dev: Failed to exec dev script
14 verbose stack Error: resumeter@1.0.0 dev: `cross-env NODE_ENV=development node build/dev-server.js`
14 verbose stack Exit status 1
14 verbose stack     at EventEmitter.<anonymous> (/Users/sasakim/.nodebrew/node/v5.7.1/lib/node_modules/npm/lib/utils/lifecycle.js:232:16)
14 verbose stack     at emitTwo (events.js:100:13)
14 verbose stack     at EventEmitter.emit (events.js:185:7)
14 verbose stack     at ChildProcess.<anonymous> (/Users/sasakim/.nodebrew/node/v5.7.1/lib/node_modules/npm/lib/utils/spawn.js:24:14)
14 verbose stack     at emitTwo (events.js:100:13)
14 verbose stack     at ChildProcess.emit (events.js:185:7)
14 verbose stack     at maybeClose (internal/child_process.js:827:16)
14 verbose stack     at Process.ChildProcess._handle.onexit (internal/child_process.js:211:5)
15 verbose pkgid resumeter@1.0.0
16 verbose cwd /Users/sasakim/workspace/osa
17 error Darwin 15.6.0
18 error argv "/Users/sasakim/.nodebrew/node/v5.7.1/bin/node" "/Users/sasakim/.nodebrew/current/bin/npm" "run" "dev"
19 error node v5.7.1
20 error npm  v3.6.0
21 error code ELIFECYCLE
22 error resumeter@1.0.0 dev: `cross-env NODE_ENV=development node build/dev-server.js`
22 error Exit status 1
23 error Failed at the resumeter@1.0.0 dev script 'cross-env NODE_ENV=development node build/dev-server.js'.
23 error Make sure you have the latest version of node.js and npm installed.
23 error If you do, this is most likely a problem with the resumeter package,
23 error not with npm itself.
23 error Tell the author that this fails on your system:
23 error     cross-env NODE_ENV=development node build/dev-server.js
23 error You can get information on how to open an issue for this project with:
23 error     npm bugs resumeter
23 error Or if that isn't available, you can get their info via:
23 error     npm owner ls resumeter
23 error There is likely additional logging output above.
24 verbose exit [ 1, true ]
